<?xml version="1.0" encoding="UTF-8"?>
<!-- Generated by org.testng.reporters.JUnitXMLReporter -->
<testsuite ignored="0" hostname="Janani" failures="0" tests="3" name="Test" time="0.092" errors="0" timestamp="2023-10-26T14:05:32 PDT">
  <testcase classname="Verify.TestNGAnnotaionsMisc" name="heroMethod" time="0.012"/>
  <testcase classname="Verify.TestNGAnnotaionsMisc" name="checkExceptions" time="0.002"/>
  <testcase classname="Verify.TestNGAnnotaionsMisc" name="verifyDependsOnMethods" time="0.002"/>
</testsuite> <!-- Test -->
