<?xml version="1.0" encoding="UTF-8"?>
<!-- Generated by org.testng.reporters.JUnitXMLReporter -->
<testsuite ignored="0" hostname="Janani" failures="0" tests="3" name="Positive" time="25.485" errors="0" timestamp="2023-01-10T17:11:22 PST">
  <testcase classname="com.ae.shopping.testCases.ShopTops" name="F2301_AE_a" time="3.296"/>
  <testcase classname="com.ae.shopping.testCases.ShopTops" name="F2301_AE_b" time="3.28"/>
  <testcase classname="com.ae.shopping.testCases.ErrorScenario" name="F2301_AE_f" time="7.426"/>
</testsuite> <!-- Positive -->
