<?xml version="1.0" encoding="UTF-8"?>
<!-- Generated by org.testng.reporters.JUnitXMLReporter -->
<testsuite ignored="2" hostname="Janani" failures="0" tests="0" time="0.012" errors="0" timestamp="2023-04-01T19:52:04 PDT">
  <testcase classname="com.ae.shopping.testCases.ErrorScenario" name="checkNetworkLoadingFailed" time="0.0">
    <ignored/>
  </testcase> <!-- checkNetworkLoadingFailed -->
  <testcase classname="com.ae.shopping.testCases.ErrorScenario" name="checkDevToolsBrokenLink" time="0.0">
    <ignored/>
  </testcase> <!-- checkDevToolsBrokenLink -->
</testsuite>
