<?xml version="1.0" encoding="UTF-8"?>
<testng-results ignored="0" total="1" passed="1" failed="0" skipped="0">
  <reporter-output>
  </reporter-output>
  <suite started-at="2023-04-03T13:36:51 PDT" name="Suite" finished-at="2023-04-03T13:36:51 PDT" duration-ms="139">
    <groups>
    </groups>
    <test started-at="2023-04-03T13:36:51 PDT" name="Test" finished-at="2023-04-03T13:36:51 PDT" duration-ms="139">
      <class name="PipelinesDemo.AppTest">
        <test-method signature="shouldAnswerWithTrue()[pri:0, instance:PipelinesDemo.AppTest@3c7f66c4]" started-at="2023-04-03T13:36:51 PDT" name="shouldAnswerWithTrue" finished-at="2023-04-03T13:36:51 PDT" duration-ms="25" status="PASS">
          <reporter-output>
          </reporter-output>
        </test-method> <!-- shouldAnswerWithTrue -->
      </class> <!-- PipelinesDemo.AppTest -->
    </test> <!-- Test -->
  </suite> <!-- Suite -->
</testng-results>
