<?xml version="1.0" encoding="UTF-8"?>
<testng-results ignored="0" total="3" passed="0" failed="0" skipped="3">
  <reporter-output>
  </reporter-output>
  <suite started-at="2023-03-21T21:20:46 PDT" name="Default suite" finished-at="2023-03-21T21:20:50 PDT" duration-ms="3421">
    <groups>
      <group name="chromeinvokation">
        <method signature="FieldPresenceValidations.F2301_AE_url_title(java.util.HashMap)[pri:1, instance:com.ae.shopping.testCases.FieldPresenceValidations@130c12b7]" name="F2301_AE_url_title" class="com.ae.shopping.testCases.FieldPresenceValidations"/>
      </group> <!-- chromeinvokation -->
    </groups>
    <test started-at="2023-03-21T21:20:46 PDT" name="Default test" finished-at="2023-03-21T21:20:50 PDT" duration-ms="3421">
      <class name="com.ae.shopping.testCases.FieldPresenceValidations">
        <test-method is-config="true" signature="launchApp()[pri:0, instance:com.ae.shopping.testCases.FieldPresenceValidations@130c12b7]" started-at="2023-03-21T21:20:46 PDT" name="launchApp" finished-at="2023-03-21T21:20:49 PDT" duration-ms="3195" status="FAIL">
          <exception class="org.openqa.selenium.remote.http.ConnectionFailedException">
            <message>
              <![CDATA[Unable to establish websocket connection to http://10.0.0.152:4444/session/f6483a4f2efe3e2257fdca4881e78a94/se/cdp
Build info: version: '4.7.2', revision: '4d4020c3b7'
System info: os.name: 'Windows 11', os.arch: 'amd64', os.version: '10.0', java.version: '17.0.5'
Driver info: driver.version: unknown]]>
            </message>
            <full-stacktrace>
              <![CDATA[org.openqa.selenium.remote.http.ConnectionFailedException: Unable to establish websocket connection to http://10.0.0.152:4444/session/f6483a4f2efe3e2257fdca4881e78a94/se/cdp
Build info: version: '4.7.2', revision: '4d4020c3b7'
System info: os.name: 'Windows 11', os.arch: 'amd64', os.version: '10.0', java.version: '17.0.5'
Driver info: driver.version: unknown
at org.openqa.selenium.remote.http.netty.NettyWebSocket.<init>(NettyWebSocket.java:102)
at org.openqa.selenium.remote.http.netty.NettyWebSocket.lambda$create$3(NettyWebSocket.java:128)
at org.openqa.selenium.remote.http.netty.NettyClient.openSocket(NettyClient.java:107)
at org.openqa.selenium.devtools.Connection.<init>(Connection.java:78)
at org.openqa.selenium.devtools.SeleniumCdpConnection.<init>(SeleniumCdpConnection.java:34)
at org.openqa.selenium.devtools.SeleniumCdpConnection.lambda$create$0(SeleniumCdpConnection.java:56)
at java.base/java.util.Optional.map(Optional.java:260)
at org.openqa.selenium.devtools.SeleniumCdpConnection.create(SeleniumCdpConnection.java:54)
at org.openqa.selenium.devtools.SeleniumCdpConnection.create(SeleniumCdpConnection.java:47)
at org.openqa.selenium.devtools.DevToolsProvider.getImplementation(DevToolsProvider.java:50)
at org.openqa.selenium.devtools.DevToolsProvider.getImplementation(DevToolsProvider.java:31)
at org.openqa.selenium.remote.Augmenter.augment(Augmenter.java:179)
at com.ae.shopping.baseTest.DawnDusk.driverSetup(DawnDusk.java:90)
at com.ae.shopping.baseTest.DawnDusk.launchApp(DawnDusk.java:118)
at java.base/jdk.internal.reflect.NativeMethodAccessorImpl.invoke0(Native Method)
at java.base/jdk.internal.reflect.NativeMethodAccessorImpl.invoke(NativeMethodAccessorImpl.java:77)
at java.base/jdk.internal.reflect.DelegatingMethodAccessorImpl.invoke(DelegatingMethodAccessorImpl.java:43)
at java.base/java.lang.reflect.Method.invoke(Method.java:568)
at org.testng.internal.MethodInvocationHelper.invokeMethod(MethodInvocationHelper.java:133)
at org.testng.internal.MethodInvocationHelper.invokeMethodConsideringTimeout(MethodInvocationHelper.java:62)
at org.testng.internal.ConfigInvoker.invokeConfigurationMethod(ConfigInvoker.java:385)
at org.testng.internal.ConfigInvoker.invokeConfigurations(ConfigInvoker.java:321)
at org.testng.internal.TestMethodWorker.invokeBeforeClassMethods(TestMethodWorker.java:176)
at org.testng.internal.TestMethodWorker.run(TestMethodWorker.java:122)
at java.base/java.util.ArrayList.forEach(ArrayList.java:1511)
at org.testng.TestRunner.privateRun(TestRunner.java:794)
at org.testng.TestRunner.run(TestRunner.java:596)
at org.testng.SuiteRunner.runTest(SuiteRunner.java:377)
at org.testng.SuiteRunner.runSequentially(SuiteRunner.java:371)
at org.testng.SuiteRunner.privateRun(SuiteRunner.java:332)
at org.testng.SuiteRunner.run(SuiteRunner.java:276)
at org.testng.SuiteRunnerWorker.runSuite(SuiteRunnerWorker.java:53)
at org.testng.SuiteRunnerWorker.run(SuiteRunnerWorker.java:96)
at org.testng.TestNG.runSuitesSequentially(TestNG.java:1212)
at org.testng.TestNG.runSuitesLocally(TestNG.java:1134)
at org.testng.TestNG.runSuites(TestNG.java:1063)
at org.testng.TestNG.run(TestNG.java:1031)
at org.testng.remote.AbstractRemoteTestNG.run(AbstractRemoteTestNG.java:115)
at org.testng.remote.RemoteTestNG.initAndRun(RemoteTestNG.java:251)
at org.testng.remote.RemoteTestNG.main(RemoteTestNG.java:77)
]]>
            </full-stacktrace>
          </exception> <!-- org.openqa.selenium.remote.http.ConnectionFailedException -->
          <reporter-output>
          </reporter-output>
        </test-method> <!-- launchApp -->
        <test-method is-config="true" signature="makeItNull()[pri:0, instance:com.ae.shopping.testCases.FieldPresenceValidations@130c12b7]" started-at="2023-03-21T21:20:50 PDT" name="makeItNull" finished-at="1969-12-31T16:00:00 PST" duration-ms="-1679458850014" status="SKIP">
          <reporter-output>
          </reporter-output>
        </test-method> <!-- makeItNull -->
        <test-method signature="F2301_AE_url_title(java.util.HashMap)[pri:1, instance:com.ae.shopping.testCases.FieldPresenceValidations@130c12b7]" started-at="2023-03-21T21:20:50 PDT" name="F2301_AE_url_title" data-provider="exptdDataSetUp" finished-at="2023-03-21T21:20:50 PDT" duration-ms="0" status="SKIP">
          <params>
            <param index="0">
              <value>
                <![CDATA[{exptdUrlTitle=Men’s & Women’s Jeans, Clothes & Accessories | American Eagl, exptdOptFrmWomen=Tops, exptdProdName=AE Go Big Shirt}]]>
              </value>
            </param>
          </params>
          <exception class="org.openqa.selenium.remote.http.ConnectionFailedException">
            <message>
              <![CDATA[Unable to establish websocket connection to http://10.0.0.152:4444/session/f6483a4f2efe3e2257fdca4881e78a94/se/cdp
Build info: version: '4.7.2', revision: '4d4020c3b7'
System info: os.name: 'Windows 11', os.arch: 'amd64', os.version: '10.0', java.version: '17.0.5'
Driver info: driver.version: unknown]]>
            </message>
            <full-stacktrace>
              <![CDATA[org.openqa.selenium.remote.http.ConnectionFailedException: Unable to establish websocket connection to http://10.0.0.152:4444/session/f6483a4f2efe3e2257fdca4881e78a94/se/cdp
Build info: version: '4.7.2', revision: '4d4020c3b7'
System info: os.name: 'Windows 11', os.arch: 'amd64', os.version: '10.0', java.version: '17.0.5'
Driver info: driver.version: unknown
at org.openqa.selenium.remote.http.netty.NettyWebSocket.<init>(NettyWebSocket.java:102)
at org.openqa.selenium.remote.http.netty.NettyWebSocket.lambda$create$3(NettyWebSocket.java:128)
at org.openqa.selenium.remote.http.netty.NettyClient.openSocket(NettyClient.java:107)
at org.openqa.selenium.devtools.Connection.<init>(Connection.java:78)
at org.openqa.selenium.devtools.SeleniumCdpConnection.<init>(SeleniumCdpConnection.java:34)
at org.openqa.selenium.devtools.SeleniumCdpConnection.lambda$create$0(SeleniumCdpConnection.java:56)
at java.base/java.util.Optional.map(Optional.java:260)
at org.openqa.selenium.devtools.SeleniumCdpConnection.create(SeleniumCdpConnection.java:54)
at org.openqa.selenium.devtools.SeleniumCdpConnection.create(SeleniumCdpConnection.java:47)
at org.openqa.selenium.devtools.DevToolsProvider.getImplementation(DevToolsProvider.java:50)
at org.openqa.selenium.devtools.DevToolsProvider.getImplementation(DevToolsProvider.java:31)
at org.openqa.selenium.remote.Augmenter.augment(Augmenter.java:179)
at com.ae.shopping.baseTest.DawnDusk.driverSetup(DawnDusk.java:90)
at com.ae.shopping.baseTest.DawnDusk.launchApp(DawnDusk.java:118)
at java.base/jdk.internal.reflect.NativeMethodAccessorImpl.invoke0(Native Method)
at java.base/jdk.internal.reflect.NativeMethodAccessorImpl.invoke(NativeMethodAccessorImpl.java:77)
at java.base/jdk.internal.reflect.DelegatingMethodAccessorImpl.invoke(DelegatingMethodAccessorImpl.java:43)
at java.base/java.lang.reflect.Method.invoke(Method.java:568)
at org.testng.internal.MethodInvocationHelper.invokeMethod(MethodInvocationHelper.java:133)
at org.testng.internal.MethodInvocationHelper.invokeMethodConsideringTimeout(MethodInvocationHelper.java:62)
at org.testng.internal.ConfigInvoker.invokeConfigurationMethod(ConfigInvoker.java:385)
at org.testng.internal.ConfigInvoker.invokeConfigurations(ConfigInvoker.java:321)
at org.testng.internal.TestMethodWorker.invokeBeforeClassMethods(TestMethodWorker.java:176)
at org.testng.internal.TestMethodWorker.run(TestMethodWorker.java:122)
at java.base/java.util.ArrayList.forEach(ArrayList.java:1511)
at org.testng.TestRunner.privateRun(TestRunner.java:794)
at org.testng.TestRunner.run(TestRunner.java:596)
at org.testng.SuiteRunner.runTest(SuiteRunner.java:377)
at org.testng.SuiteRunner.runSequentially(SuiteRunner.java:371)
at org.testng.SuiteRunner.privateRun(SuiteRunner.java:332)
at org.testng.SuiteRunner.run(SuiteRunner.java:276)
at org.testng.SuiteRunnerWorker.runSuite(SuiteRunnerWorker.java:53)
at org.testng.SuiteRunnerWorker.run(SuiteRunnerWorker.java:96)
at org.testng.TestNG.runSuitesSequentially(TestNG.java:1212)
at org.testng.TestNG.runSuitesLocally(TestNG.java:1134)
at org.testng.TestNG.runSuites(TestNG.java:1063)
at org.testng.TestNG.run(TestNG.java:1031)
at org.testng.remote.AbstractRemoteTestNG.run(AbstractRemoteTestNG.java:115)
at org.testng.remote.RemoteTestNG.initAndRun(RemoteTestNG.java:251)
at org.testng.remote.RemoteTestNG.main(RemoteTestNG.java:77)
]]>
            </full-stacktrace>
          </exception> <!-- org.openqa.selenium.remote.http.ConnectionFailedException -->
          <reporter-output>
          </reporter-output>
        </test-method> <!-- F2301_AE_url_title -->
        <test-method is-config="true" signature="makeItNull()[pri:0, instance:com.ae.shopping.testCases.FieldPresenceValidations@130c12b7]" started-at="2023-03-21T21:20:50 PDT" name="makeItNull" finished-at="1969-12-31T16:00:00 PST" duration-ms="-1679458850022" status="SKIP">
          <reporter-output>
          </reporter-output>
        </test-method> <!-- makeItNull -->
        <test-method signature="F2301_AE_womenMenu_topsOption_display(java.util.HashMap)[pri:2, instance:com.ae.shopping.testCases.FieldPresenceValidations@130c12b7]" started-at="2023-03-21T21:20:50 PDT" name="F2301_AE_womenMenu_topsOption_display" data-provider="exptdDataSetUp" finished-at="2023-03-21T21:20:50 PDT" duration-ms="0" status="SKIP">
          <params>
            <param index="0">
              <value>
                <![CDATA[{exptdUrlTitle=Men’s & Women’s Jeans, Clothes & Accessories | American Eagl, exptdOptFrmWomen=Tops, exptdProdName=AE Go Big Shirt}]]>
              </value>
            </param>
          </params>
          <exception class="org.openqa.selenium.remote.http.ConnectionFailedException">
            <message>
              <![CDATA[Unable to establish websocket connection to http://10.0.0.152:4444/session/f6483a4f2efe3e2257fdca4881e78a94/se/cdp
Build info: version: '4.7.2', revision: '4d4020c3b7'
System info: os.name: 'Windows 11', os.arch: 'amd64', os.version: '10.0', java.version: '17.0.5'
Driver info: driver.version: unknown]]>
            </message>
            <full-stacktrace>
              <![CDATA[org.openqa.selenium.remote.http.ConnectionFailedException: Unable to establish websocket connection to http://10.0.0.152:4444/session/f6483a4f2efe3e2257fdca4881e78a94/se/cdp
Build info: version: '4.7.2', revision: '4d4020c3b7'
System info: os.name: 'Windows 11', os.arch: 'amd64', os.version: '10.0', java.version: '17.0.5'
Driver info: driver.version: unknown
at org.openqa.selenium.remote.http.netty.NettyWebSocket.<init>(NettyWebSocket.java:102)
at org.openqa.selenium.remote.http.netty.NettyWebSocket.lambda$create$3(NettyWebSocket.java:128)
at org.openqa.selenium.remote.http.netty.NettyClient.openSocket(NettyClient.java:107)
at org.openqa.selenium.devtools.Connection.<init>(Connection.java:78)
at org.openqa.selenium.devtools.SeleniumCdpConnection.<init>(SeleniumCdpConnection.java:34)
at org.openqa.selenium.devtools.SeleniumCdpConnection.lambda$create$0(SeleniumCdpConnection.java:56)
at java.base/java.util.Optional.map(Optional.java:260)
at org.openqa.selenium.devtools.SeleniumCdpConnection.create(SeleniumCdpConnection.java:54)
at org.openqa.selenium.devtools.SeleniumCdpConnection.create(SeleniumCdpConnection.java:47)
at org.openqa.selenium.devtools.DevToolsProvider.getImplementation(DevToolsProvider.java:50)
at org.openqa.selenium.devtools.DevToolsProvider.getImplementation(DevToolsProvider.java:31)
at org.openqa.selenium.remote.Augmenter.augment(Augmenter.java:179)
at com.ae.shopping.baseTest.DawnDusk.driverSetup(DawnDusk.java:90)
at com.ae.shopping.baseTest.DawnDusk.launchApp(DawnDusk.java:118)
at java.base/jdk.internal.reflect.NativeMethodAccessorImpl.invoke0(Native Method)
at java.base/jdk.internal.reflect.NativeMethodAccessorImpl.invoke(NativeMethodAccessorImpl.java:77)
at java.base/jdk.internal.reflect.DelegatingMethodAccessorImpl.invoke(DelegatingMethodAccessorImpl.java:43)
at java.base/java.lang.reflect.Method.invoke(Method.java:568)
at org.testng.internal.MethodInvocationHelper.invokeMethod(MethodInvocationHelper.java:133)
at org.testng.internal.MethodInvocationHelper.invokeMethodConsideringTimeout(MethodInvocationHelper.java:62)
at org.testng.internal.ConfigInvoker.invokeConfigurationMethod(ConfigInvoker.java:385)
at org.testng.internal.ConfigInvoker.invokeConfigurations(ConfigInvoker.java:321)
at org.testng.internal.TestMethodWorker.invokeBeforeClassMethods(TestMethodWorker.java:176)
at org.testng.internal.TestMethodWorker.run(TestMethodWorker.java:122)
at java.base/java.util.ArrayList.forEach(ArrayList.java:1511)
at org.testng.TestRunner.privateRun(TestRunner.java:794)
at org.testng.TestRunner.run(TestRunner.java:596)
at org.testng.SuiteRunner.runTest(SuiteRunner.java:377)
at org.testng.SuiteRunner.runSequentially(SuiteRunner.java:371)
at org.testng.SuiteRunner.privateRun(SuiteRunner.java:332)
at org.testng.SuiteRunner.run(SuiteRunner.java:276)
at org.testng.SuiteRunnerWorker.runSuite(SuiteRunnerWorker.java:53)
at org.testng.SuiteRunnerWorker.run(SuiteRunnerWorker.java:96)
at org.testng.TestNG.runSuitesSequentially(TestNG.java:1212)
at org.testng.TestNG.runSuitesLocally(TestNG.java:1134)
at org.testng.TestNG.runSuites(TestNG.java:1063)
at org.testng.TestNG.run(TestNG.java:1031)
at org.testng.remote.AbstractRemoteTestNG.run(AbstractRemoteTestNG.java:115)
at org.testng.remote.RemoteTestNG.initAndRun(RemoteTestNG.java:251)
at org.testng.remote.RemoteTestNG.main(RemoteTestNG.java:77)
]]>
            </full-stacktrace>
          </exception> <!-- org.openqa.selenium.remote.http.ConnectionFailedException -->
          <reporter-output>
          </reporter-output>
        </test-method> <!-- F2301_AE_womenMenu_topsOption_display -->
        <test-method is-config="true" signature="makeItNull()[pri:0, instance:com.ae.shopping.testCases.FieldPresenceValidations@130c12b7]" started-at="2023-03-21T21:20:50 PDT" name="makeItNull" finished-at="1969-12-31T16:00:00 PST" duration-ms="-1679458850029" status="SKIP">
          <reporter-output>
          </reporter-output>
        </test-method> <!-- makeItNull -->
        <test-method signature="F2301_AE_product_display(java.util.HashMap)[pri:3, instance:com.ae.shopping.testCases.FieldPresenceValidations@130c12b7]" started-at="2023-03-21T21:20:50 PDT" name="F2301_AE_product_display" data-provider="exptdDataSetUp" finished-at="2023-03-21T21:20:50 PDT" duration-ms="0" status="SKIP">
          <params>
            <param index="0">
              <value>
                <![CDATA[{exptdUrlTitle=Men’s & Women’s Jeans, Clothes & Accessories | American Eagl, exptdOptFrmWomen=Tops, exptdProdName=AE Go Big Shirt}]]>
              </value>
            </param>
          </params>
          <exception class="org.openqa.selenium.remote.http.ConnectionFailedException">
            <message>
              <![CDATA[Unable to establish websocket connection to http://10.0.0.152:4444/session/f6483a4f2efe3e2257fdca4881e78a94/se/cdp
Build info: version: '4.7.2', revision: '4d4020c3b7'
System info: os.name: 'Windows 11', os.arch: 'amd64', os.version: '10.0', java.version: '17.0.5'
Driver info: driver.version: unknown]]>
            </message>
            <full-stacktrace>
              <![CDATA[org.openqa.selenium.remote.http.ConnectionFailedException: Unable to establish websocket connection to http://10.0.0.152:4444/session/f6483a4f2efe3e2257fdca4881e78a94/se/cdp
Build info: version: '4.7.2', revision: '4d4020c3b7'
System info: os.name: 'Windows 11', os.arch: 'amd64', os.version: '10.0', java.version: '17.0.5'
Driver info: driver.version: unknown
at org.openqa.selenium.remote.http.netty.NettyWebSocket.<init>(NettyWebSocket.java:102)
at org.openqa.selenium.remote.http.netty.NettyWebSocket.lambda$create$3(NettyWebSocket.java:128)
at org.openqa.selenium.remote.http.netty.NettyClient.openSocket(NettyClient.java:107)
at org.openqa.selenium.devtools.Connection.<init>(Connection.java:78)
at org.openqa.selenium.devtools.SeleniumCdpConnection.<init>(SeleniumCdpConnection.java:34)
at org.openqa.selenium.devtools.SeleniumCdpConnection.lambda$create$0(SeleniumCdpConnection.java:56)
at java.base/java.util.Optional.map(Optional.java:260)
at org.openqa.selenium.devtools.SeleniumCdpConnection.create(SeleniumCdpConnection.java:54)
at org.openqa.selenium.devtools.SeleniumCdpConnection.create(SeleniumCdpConnection.java:47)
at org.openqa.selenium.devtools.DevToolsProvider.getImplementation(DevToolsProvider.java:50)
at org.openqa.selenium.devtools.DevToolsProvider.getImplementation(DevToolsProvider.java:31)
at org.openqa.selenium.remote.Augmenter.augment(Augmenter.java:179)
at com.ae.shopping.baseTest.DawnDusk.driverSetup(DawnDusk.java:90)
at com.ae.shopping.baseTest.DawnDusk.launchApp(DawnDusk.java:118)
at java.base/jdk.internal.reflect.NativeMethodAccessorImpl.invoke0(Native Method)
at java.base/jdk.internal.reflect.NativeMethodAccessorImpl.invoke(NativeMethodAccessorImpl.java:77)
at java.base/jdk.internal.reflect.DelegatingMethodAccessorImpl.invoke(DelegatingMethodAccessorImpl.java:43)
at java.base/java.lang.reflect.Method.invoke(Method.java:568)
at org.testng.internal.MethodInvocationHelper.invokeMethod(MethodInvocationHelper.java:133)
at org.testng.internal.MethodInvocationHelper.invokeMethodConsideringTimeout(MethodInvocationHelper.java:62)
at org.testng.internal.ConfigInvoker.invokeConfigurationMethod(ConfigInvoker.java:385)
at org.testng.internal.ConfigInvoker.invokeConfigurations(ConfigInvoker.java:321)
at org.testng.internal.TestMethodWorker.invokeBeforeClassMethods(TestMethodWorker.java:176)
at org.testng.internal.TestMethodWorker.run(TestMethodWorker.java:122)
at java.base/java.util.ArrayList.forEach(ArrayList.java:1511)
at org.testng.TestRunner.privateRun(TestRunner.java:794)
at org.testng.TestRunner.run(TestRunner.java:596)
at org.testng.SuiteRunner.runTest(SuiteRunner.java:377)
at org.testng.SuiteRunner.runSequentially(SuiteRunner.java:371)
at org.testng.SuiteRunner.privateRun(SuiteRunner.java:332)
at org.testng.SuiteRunner.run(SuiteRunner.java:276)
at org.testng.SuiteRunnerWorker.runSuite(SuiteRunnerWorker.java:53)
at org.testng.SuiteRunnerWorker.run(SuiteRunnerWorker.java:96)
at org.testng.TestNG.runSuitesSequentially(TestNG.java:1212)
at org.testng.TestNG.runSuitesLocally(TestNG.java:1134)
at org.testng.TestNG.runSuites(TestNG.java:1063)
at org.testng.TestNG.run(TestNG.java:1031)
at org.testng.remote.AbstractRemoteTestNG.run(AbstractRemoteTestNG.java:115)
at org.testng.remote.RemoteTestNG.initAndRun(RemoteTestNG.java:251)
at org.testng.remote.RemoteTestNG.main(RemoteTestNG.java:77)
]]>
            </full-stacktrace>
          </exception> <!-- org.openqa.selenium.remote.http.ConnectionFailedException -->
          <reporter-output>
          </reporter-output>
        </test-method> <!-- F2301_AE_product_display -->
      </class> <!-- com.ae.shopping.testCases.FieldPresenceValidations -->
    </test> <!-- Default test -->
  </suite> <!-- Default suite -->
</testng-results>
