<?xml version="1.0" encoding="UTF-8"?>
<testng-results ignored="0" total="2" passed="2" failed="0" skipped="0">
  <reporter-output>
  </reporter-output>
  <suite started-at="2023-05-23T12:21:50 PDT" name="Default suite" finished-at="2023-05-23T12:21:50 PDT" duration-ms="75">
    <groups>
    </groups>
    <test started-at="2023-05-23T12:21:50 PDT" name="Default test" finished-at="2023-05-23T12:21:50 PDT" duration-ms="75">
      <class name="TestngCheck">
        <test-method signature="hi()[pri:0, instance:TestngCheck@47faa49c]" started-at="2023-05-23T12:21:50 PDT" name="hi" finished-at="2023-05-23T12:21:50 PDT" duration-ms="14" status="PASS">
          <reporter-output>
          </reporter-output>
        </test-method> <!-- hi -->
        <test-method signature="testAnnotationCheck()[pri:0, instance:TestngCheck@47faa49c]" started-at="2023-05-23T12:21:50 PDT" name="testAnnotationCheck" finished-at="2023-05-23T12:21:50 PDT" duration-ms="1" status="PASS">
          <reporter-output>
          </reporter-output>
        </test-method> <!-- testAnnotationCheck -->
      </class> <!-- TestngCheck -->
    </test> <!-- Default test -->
  </suite> <!-- Default suite -->
</testng-results>
