<?xml version="1.0" encoding="UTF-8"?>
<testng-results ignored="0" total="1" passed="1" failed="0" skipped="0">
  <reporter-output>
  </reporter-output>
  <suite started-at="2023-03-29T14:38:59 PDT" name="Default suite" finished-at="2023-03-29T14:39:00 PDT" duration-ms="1186">
    <groups>
    </groups>
    <test started-at="2023-03-29T14:38:59 PDT" name="Default test" finished-at="2023-03-29T14:39:00 PDT" duration-ms="1186">
      <class name="ExcelDataDrive">
        <test-method signature="hehe()[pri:0, instance:ExcelDataDrive@73e22a3d]" started-at="2023-03-29T14:38:59 PDT" name="hehe" finished-at="2023-03-29T14:39:00 PDT" duration-ms="1135" status="PASS">
          <reporter-output>
          </reporter-output>
        </test-method> <!-- hehe -->
      </class> <!-- ExcelDataDrive -->
    </test> <!-- Default test -->
  </suite> <!-- Default suite -->
</testng-results>
