<?xml version="1.0" encoding="UTF-8"?>
<testsuite xmlns:xsi="http://www.w3.org/2001/XMLSchema-instance" xsi:noNamespaceSchemaLocation="https://maven.apache.org/surefire/maven-surefire-plugin/xsd/surefire-test-report-3.0.xsd" version="3.0" name="TestSuite" time="17.671" tests="2" errors="0" skipped="0" failures="0">
  <properties>
[...]
</properties>
  <testcase name="F2301_AE_F2301_AE_womenMenu_topsOption_invalid[{exptdUrlTitle=Men’s &amp; Women’s Jeans, Clothes &amp; Accessories | American Eagl, exptdOptFrmWomen=Hello, exptdProdName=AE Go Big Shirt}](1)" classname="com.ae.shopping.testCases.ErrorScenario" time="1.659">
    <system-out><![CDATA[Accepted cookies
trying to print from ITestListenerF2301_AE_F2301_AE_womenMenu_topsOption_invalid
]]></system-out>
    <system-err><![CDATA[SLF4J: Failed to load class "org.slf4j.impl.StaticLoggerBinder".
SLF4J: Defaulting to no-operation (NOP) logger implementation
SLF4J: See http://www.slf4j.org/codes.html#StaticLoggerBinder for further details.
Feb 16, 2023 10:28:59 AM org.openqa.selenium.remote.tracing.opentelemetry.OpenTelemetryTracer createTracer
INFO: Using OpenTelemetry for tracing
ERROR StatusLogger Log4j2 could not find a logging implementation. Please add log4j-core to the classpath. Using SimpleLogger to log to the console...
Feb 16, 2023 10:29:02 AM org.openqa.selenium.devtools.CdpVersionFinder findNearestMatch
WARNING: Unable to find an exact match for CDP version 110, so returning the closest version found: 108
]]></system-err>
  </testcase>
  <testcase name="checkDevToolsBrokenLink" classname="com.ae.shopping.testCases.ErrorScenario" time="0.581">
    <system-out><![CDATA[trying to print from ITestListenercheckDevToolsBrokenLink
from testcase https://www.amazon.com/hellthrows404error
]]></system-out>
  </testcase>
</testsuite>