<?xml version="1.0" encoding="UTF-8"?>
<!-- Generated by org.testng.reporters.JUnitXMLReporter -->
<testsuite ignored="0" hostname="Janani" failures="2" tests="4" name="HappyPathTestCases" time="20.667" errors="0" timestamp="2023-03-06T16:03:57 PST">
  <testcase classname="com.ae.shopping.testCases.FieldPresenceValidations" name="F2301_AE_url_title" time="0.08">
    <skipped/>
  </testcase> <!-- F2301_AE_url_title -->
  <testcase classname="com.ae.shopping.testCases.FieldPresenceValidations" name="F2301_AE_url_title" time="0.029">
    <failure type="java.lang.AssertionError" message="expected [Men’s &amp;amp; Women’s Jeans, Clothes &amp;amp; Accessories | American Eagl] but found [Men’s &amp;amp; Women’s Jeans, Clothes &amp;amp; Accessories | American Eagle]">
      <![CDATA[java.lang.AssertionError: expected [Men’s & Women’s Jeans, Clothes & Accessories | American Eagl] but found [Men’s & Women’s Jeans, Clothes & Accessories | American Eagle]
at com.ae.shopping.testCases.FieldPresenceValidations.F2301_AE_url_title(FieldPresenceValidations.java:22)
at java.base/java.util.ArrayList.forEach(ArrayList.java:1511)
... Removed 37 stack frames]]>
    </failure>
  </testcase> <!-- F2301_AE_url_title -->
  <testcase classname="com.ae.shopping.testCases.FieldPresenceValidations" name="F2301_AE_womenMenu_topsOption_display" time="0.909"/>
  <testcase classname="com.ae.shopping.testCases.FieldPresenceValidations" name="F2301_AE_product_display" time="4.768">
    <failure type="java.lang.AssertionError" message="Expected product name from Now Trending header is not present expected [true] but found [false]">
      <![CDATA[java.lang.AssertionError: Expected product name from Now Trending header is not present expected [true] but found [false]
at com.ae.shopping.testCases.FieldPresenceValidations.F2301_AE_product_display(FieldPresenceValidations.java:37)
at java.base/java.util.ArrayList.forEach(ArrayList.java:1511)
... Removed 34 stack frames]]>
    </failure>
  </testcase> <!-- F2301_AE_product_display -->
</testsuite> <!-- HappyPathTestCases -->
