<?xml version="1.0" encoding="UTF-8"?>
<!-- Generated by org.testng.reporters.JUnitXMLReporter -->
<testsuite ignored="0" hostname="Janani" failures="0" tests="2" name="Test" time="15.76" errors="0" timestamp="2023-02-16T10:29:15 PST">
  <testcase classname="com.ae.shopping.testCases.ErrorScenario" name="F2301_AE_F2301_AE_womenMenu_topsOption_invalid" time="1.65"/>
  <testcase classname="com.ae.shopping.testCases.ErrorScenario" name="checkDevToolsBrokenLink" time="0.572"/>
</testsuite> <!-- Test -->
