<?xml version="1.0" encoding="UTF-8"?>
<testng-results ignored="0" total="1" passed="1" failed="0" skipped="0">
  <reporter-output>
  </reporter-output>
  <suite started-at="2023-03-24T11:40:44 PDT" name="Suite" finished-at="2023-03-24T11:40:50 PDT" duration-ms="6260">
    <groups>
    </groups>
    <test started-at="2023-03-24T11:40:44 PDT" name="hey" finished-at="2023-03-24T11:40:50 PDT" duration-ms="6260">
      <class name="jenkinsgitintegration.AppTest">
        <test-method signature="shouldAnswerWithTrue()[pri:0, instance:jenkinsgitintegration.AppTest@ffaa6af]" started-at="2023-03-24T11:40:44 PDT" name="shouldAnswerWithTrue" finished-at="2023-03-24T11:40:50 PDT" duration-ms="6154" status="PASS">
          <reporter-output>
          </reporter-output>
        </test-method> <!-- shouldAnswerWithTrue -->
      </class> <!-- jenkinsgitintegration.AppTest -->
    </test> <!-- hey -->
  </suite> <!-- Suite -->
</testng-results>
