<?xml version="1.0" encoding="UTF-8"?>
<testng-results ignored="0" total="1" passed="1" failed="0" skipped="0">
  <reporter-output>
  </reporter-output>
  <suite started-at="2024-03-16T15:12:06 PDT" name="Suite" finished-at="2024-03-16T15:12:13 PDT" duration-ms="7468">
    <groups>
    </groups>
    <test started-at="2024-03-16T15:12:06 PDT" name="hey" finished-at="2024-03-16T15:12:13 PDT" duration-ms="7468">
      <class name="jenkinsgitintegration.AppTest">
        <test-method signature="shouldAnswerWithTrue()[pri:0, instance:jenkinsgitintegration.AppTest@2fb3536e]" started-at="2024-03-16T15:12:06 PDT" name="shouldAnswerWithTrue" finished-at="2024-03-16T15:12:13 PDT" duration-ms="7393" status="PASS">
          <reporter-output>
          </reporter-output>
        </test-method> <!-- shouldAnswerWithTrue -->
      </class> <!-- jenkinsgitintegration.AppTest -->
    </test> <!-- hey -->
  </suite> <!-- Suite -->
</testng-results>
